{
  "stats": {
    "suites": 1,
    "tests": 13,
    "passes": 13,
    "pending": 0,
    "failures": 0,
    "start": "2024-02-28T01:11:13.481Z",
    "end": "2024-02-28T01:12:12.874Z",
    "duration": 59393,
    "testsRegistered": 13,
    "passPercent": 100,
    "pendingPercent": 0,
    "other": 0,
    "hasOther": false,
    "skipped": 0,
    "hasSkipped": false
  },
  "results": [
    {
      "uuid": "9ee605fe-baca-4891-be70-0ec6d19f61f6",
      "title": "",
      "fullFile": "cypress\\e2e\\examples\\test2-spec.cy.js",
      "file": "cypress\\e2e\\examples\\test2-spec.cy.js",
      "beforeHooks": [],
      "afterHooks": [],
      "tests": [],
      "suites": [
        {
          "uuid": "dcc126c8-7d97-48ec-977e-70fca862e058",
          "title": "perform web page element tests",
          "fullFile": "",
          "file": "",
          "beforeHooks": [],
          "afterHooks": [],
          "tests": [
            {
              "title": "will verify the URL of the web page is the expected test page",
              "fullTitle": "perform web page element tests will verify the URL of the web page is the expected test page",
              "timedOut": null,
              "duration": 8052,
              "state": "passed",
              "speed": "medium",
              "pass": true,
              "fail": false,
              "pending": false,
              "context": null,
              "code": "cy.visit('https://rahulshettyacademy.com/AutomationPractice/');\ncy.get('#opentab').then(function (el) {\n  var url = el.prop('href');\n  cy.log(url);\n  cy.url().should('include', 'AutomationPractice');\n  // 'rahulshettyacademy.com/AutomationPractice'\n});",
              "err": {},
              "uuid": "4e38bd38-8d4c-4c82-9d36-7029604fb3d1",
              "parentUUID": "dcc126c8-7d97-48ec-977e-70fca862e058",
              "isHook": false,
              "skipped": false
            },
            {
              "title": "it will test radio buttons",
              "fullTitle": "perform web page element tests it will test radio buttons",
              "timedOut": null,
              "duration": 2275,
              "state": "passed",
              "speed": "fast",
              "pass": true,
              "fail": false,
              "pending": false,
              "context": null,
              "code": "cy.visit('https://rahulshettyacademy.com/AutomationPractice/');\ncy.get('[for=\"radio1\"] > .radioButton').click();\ncy.get('[for=\"radio1\"] > .radioButton').should('be.checked');\n// check radio button2\ncy.get('[for=\"radio2\"] > .radioButton').click();\ncy.get('[for=\"radio2\"] > .radioButton').should('be.checked');\n// check radio button3\ncy.get('[for=\"radio3\"] > .radioButton').click();\ncy.get('[for=\"radio3\"] > .radioButton').should('be.checked');",
              "err": {},
              "uuid": "95529948-3a0c-4b8a-bdff-8abe94347763",
              "parentUUID": "dcc126c8-7d97-48ec-977e-70fca862e058",
              "isHook": false,
              "skipped": false
            },
            {
              "title": "it will test checkboxes",
              "fullTitle": "perform web page element tests it will test checkboxes",
              "timedOut": null,
              "duration": 2710,
              "state": "passed",
              "speed": "fast",
              "pass": true,
              "fail": false,
              "pending": false,
              "context": null,
              "code": "cy.visit('https://rahulshettyacademy.com/AutomationPractice/');\ncy.get('#checkBoxOption1').check().should('be.checked');\ncy.get('#checkBoxOption2').check().should('be.checked');\ncy.get('#checkBoxOption3').check().should('be.checked');\ncy.get('#checkBoxOption1').uncheck().should('not.be.checked');\ncy.get('#checkBoxOption2').uncheck().should('not.be.checked');\ncy.get('#checkBoxOption3').uncheck().should('not.be.checked');",
              "err": {},
              "uuid": "c4fce181-fb0a-4487-a761-8608c7ee831b",
              "parentUUID": "dcc126c8-7d97-48ec-977e-70fca862e058",
              "isHook": false,
              "skipped": false
            },
            {
              "title": "will test autocomplete selection United States from country list",
              "fullTitle": "perform web page element tests will test autocomplete selection United States from country list",
              "timedOut": null,
              "duration": 2469,
              "state": "passed",
              "speed": "fast",
              "pass": true,
              "fail": false,
              "pending": false,
              "context": null,
              "code": "cy.visit('https://rahulshettyacademy.com/AutomationPractice');\ncy.get('#autocomplete').type('United');\ncy.get('.ui-menu-item div').each(function ($el, index, list) {\n  if ($el.text() === \"United States (USA)\") cy.wrap($el).click();\n});\ncy.get('#autocomplete').should('have.value', 'United States (USA)');",
              "err": {},
              "uuid": "7f49a07b-08bc-49bf-b73d-7a0018f2706d",
              "parentUUID": "dcc126c8-7d97-48ec-977e-70fca862e058",
              "isHook": false,
              "skipped": false
            },
            {
              "title": "will test visible/invisible text box and text fill in",
              "fullTitle": "perform web page element tests will test visible/invisible text box and text fill in",
              "timedOut": null,
              "duration": 2666,
              "state": "passed",
              "speed": "fast",
              "pass": true,
              "fail": false,
              "pending": false,
              "context": null,
              "code": "cy.visit('https://rahulshettyacademy.com/AutomationPractice');\ncy.get('#displayed-text').should('be.visible');\ncy.get('#hide-textbox').click();\ncy.get('#displayed-text').should('not.be.visible');\ncy.get('#show-textbox').click();\ncy.get('#displayed-text').should('be.visible');\ncy.get('#displayed-text').type('text string');\ncy.get('#hide-textbox').click();\ncy.get('#displayed-text').should('not.be.visible');\ncy.get('#show-textbox').click();\ncy.get('#displayed-text').should('have.value', 'text string');",
              "err": {},
              "uuid": "2291429c-2d2d-4840-a555-2c02bc803676",
              "parentUUID": "dcc126c8-7d97-48ec-977e-70fca862e058",
              "isHook": false,
              "skipped": false
            },
            {
              "title": "will test alert boxes with messages from Alert and Confirm buttons",
              "fullTitle": "perform web page element tests will test alert boxes with messages from Alert and Confirm buttons",
              "timedOut": null,
              "duration": 2087,
              "state": "passed",
              "speed": "fast",
              "pass": true,
              "fail": false,
              "pending": false,
              "context": null,
              "code": "cy.visit('https://rahulshettyacademy.com/AutomationPractice');\ncy.get('#alertbtn').click();\n// verify in logs that alert message appears\ncy.on('window:alert', function (str) {\n  expect(str).to.equal('Hello , share this practice page and share your knowledge');\n});\ncy.get('#confirmbtn').click();\n// verify in logs that confirm message appears Are you sure you want to confirm?\ncy.on('window:confirm', function (str) {\n  expect(str).to.equal('Hello , Are you sure you want to confirm?');\n});",
              "err": {},
              "uuid": "05d58242-8978-4e5d-9b94-dc2c724dac3b",
              "parentUUID": "dcc126c8-7d97-48ec-977e-70fca862e058",
              "isHook": false,
              "skipped": false
            },
            {
              "title": "will test alert boxes with name text and messages from Alert and Confirm buttons",
              "fullTitle": "perform web page element tests will test alert boxes with name text and messages from Alert and Confirm buttons",
              "timedOut": null,
              "duration": 3480,
              "state": "passed",
              "speed": "fast",
              "pass": true,
              "fail": false,
              "pending": false,
              "context": null,
              "code": "cy.visit('https://rahulshettyacademy.com/AutomationPractice');\ncy.get('#name').type('name');\ncy.get('#alertbtn').click();\n// verify in logs that alert message appears\ncy.on('window:alert', function (str) {\n  expect(str).to.equal('Hello name, share this practice page and share your knowledge');\n});\ncy.get('#name').type('name');\ncy.get('#confirmbtn').click();\n// verify in logs that confirm message appears Are you sure you want to confirm?\ncy.on('window:confirm', function (str) {\n  expect(str).to.equal('Hello name, Are you sure you want to confirm?');\n});",
              "err": {},
              "uuid": "ca997910-359a-4238-83dd-62fae4a76c5a",
              "parentUUID": "dcc126c8-7d97-48ec-977e-70fca862e058",
              "isHook": false,
              "skipped": false
            },
            {
              "title": "will test handling child windows",
              "fullTitle": "perform web page element tests will test handling child windows",
              "timedOut": null,
              "duration": 16654,
              "state": "passed",
              "speed": "slow",
              "pass": true,
              "fail": false,
              "pending": false,
              "context": null,
              "code": "cy.visit('https://rahulshettyacademy.com/AutomationPractice');\ncy.get('#opentab').invoke('removeAttr', 'target').click();\ncy.origin(\"https://www.qaclickacademy.com\", function () {\n  cy.get(\"#navbarSupportedContent a[href*='about']\").click();\n  cy.get(\".mt-50 h2\").should('contain', 'QAClick Academy');\n});",
              "err": {},
              "uuid": "6360e7c1-572e-4d9e-9f8c-c0eb2c98dcf7",
              "parentUUID": "dcc126c8-7d97-48ec-977e-70fca862e058",
              "isHook": false,
              "skipped": false
            },
            {
              "title": "will iterate through a course table to find course and verify the price in col 3",
              "fullTitle": "perform web page element tests will iterate through a course table to find course and verify the price in col 3",
              "timedOut": null,
              "duration": 3968,
              "state": "passed",
              "speed": "fast",
              "pass": true,
              "fail": false,
              "pending": false,
              "context": null,
              "code": "cy.visit('https://rahulshettyacademy.com/AutomationPractice');\ncy.get('tr td:nth-child(2)').each(function ($el, index, $list) {\n  var text = $el.text();\n  if (text.includes(\"Python\")) {\n    cy.get('tr td:nth-child(2)').eq(index).next().then(function (price) {\n      var priceText = price.text();\n      expect(priceText).to.equal('25');\n    });\n  }\n});",
              "err": {},
              "uuid": "f73f1077-ffca-41af-aa28-4a005b89f61c",
              "parentUUID": "dcc126c8-7d97-48ec-977e-70fca862e058",
              "isHook": false,
              "skipped": false
            },
            {
              "title": "will test mouse hover events to verify expected behavior-Top",
              "fullTitle": "perform web page element tests will test mouse hover events to verify expected behavior-Top",
              "timedOut": null,
              "duration": 2232,
              "state": "passed",
              "speed": "fast",
              "pass": true,
              "fail": false,
              "pending": false,
              "context": null,
              "code": "cy.visit('https://rahulshettyacademy.com/AutomationPractice');\ncy.get('div.mouse-hover-content').invoke('show');\ncy.contains('Top').click();\ncy.url().should('include', 'top');",
              "err": {},
              "uuid": "fb9b0bc7-728b-4e5f-91cb-33c3a941ce86",
              "parentUUID": "dcc126c8-7d97-48ec-977e-70fca862e058",
              "isHook": false,
              "skipped": false
            },
            {
              "title": "will test mouse hover events to verify expected behavior-Top",
              "fullTitle": "perform web page element tests will test mouse hover events to verify expected behavior-Top",
              "timedOut": null,
              "duration": 2716,
              "state": "passed",
              "speed": "fast",
              "pass": true,
              "fail": false,
              "pending": false,
              "context": null,
              "code": "cy.visit('https://rahulshettyacademy.com/AutomationPractice');\ncy.get('div.mouse-hover-content').invoke('show');\ncy.contains('Top').click({\n  force: true\n});\ncy.url().should('include', 'top');",
              "err": {},
              "uuid": "476a2e90-23f2-419b-a567-9066ab6ca796",
              "parentUUID": "dcc126c8-7d97-48ec-977e-70fca862e058",
              "isHook": false,
              "skipped": false
            },
            {
              "title": "will test mouse hover events to verify expected behavior-Reload",
              "fullTitle": "perform web page element tests will test mouse hover events to verify expected behavior-Reload",
              "timedOut": null,
              "duration": 3711,
              "state": "passed",
              "speed": "fast",
              "pass": true,
              "fail": false,
              "pending": false,
              "context": null,
              "code": "cy.visit('https://rahulshettyacademy.com/AutomationPractice');\ncy.get('div.mouse-hover-content').invoke('show');\ncy.contains('Reload').click();\ncy.url().should('include', 'AutomationPractice');",
              "err": {},
              "uuid": "8ad00da2-f056-4c84-93b8-e07d58c4266b",
              "parentUUID": "dcc126c8-7d97-48ec-977e-70fca862e058",
              "isHook": false,
              "skipped": false
            },
            {
              "title": "will handle testing Frames in this test",
              "fullTitle": "perform web page element tests will handle testing Frames in this test",
              "timedOut": null,
              "duration": 4065,
              "state": "passed",
              "speed": "fast",
              "pass": true,
              "fail": false,
              "pending": false,
              "context": null,
              "code": "cy.visit('https://rahulshettyacademy.com/AutomationPractice');\ncy.frameLoaded('#courses-iframe').as('myframe');\ncy.iframe().find(\"a[href*='mentorship']\").eq(0).click();\ncy.wait(100);\n// cy.iframe().find(\"h1[class*='pricing-title']\").should('have.length', 2)",
              "err": {},
              "uuid": "2255f55e-63bf-48fb-9c5c-78dfee3014cb",
              "parentUUID": "dcc126c8-7d97-48ec-977e-70fca862e058",
              "isHook": false,
              "skipped": false
            }
          ],
          "suites": [],
          "passes": [
            "4e38bd38-8d4c-4c82-9d36-7029604fb3d1",
            "95529948-3a0c-4b8a-bdff-8abe94347763",
            "c4fce181-fb0a-4487-a761-8608c7ee831b",
            "7f49a07b-08bc-49bf-b73d-7a0018f2706d",
            "2291429c-2d2d-4840-a555-2c02bc803676",
            "05d58242-8978-4e5d-9b94-dc2c724dac3b",
            "ca997910-359a-4238-83dd-62fae4a76c5a",
            "6360e7c1-572e-4d9e-9f8c-c0eb2c98dcf7",
            "f73f1077-ffca-41af-aa28-4a005b89f61c",
            "fb9b0bc7-728b-4e5f-91cb-33c3a941ce86",
            "476a2e90-23f2-419b-a567-9066ab6ca796",
            "8ad00da2-f056-4c84-93b8-e07d58c4266b",
            "2255f55e-63bf-48fb-9c5c-78dfee3014cb"
          ],
          "failures": [],
          "pending": [],
          "skipped": [],
          "duration": 57085,
          "root": false,
          "rootEmpty": false,
          "_timeout": 2000
        }
      ],
      "passes": [],
      "failures": [],
      "pending": [],
      "skipped": [],
      "duration": 0,
      "root": true,
      "rootEmpty": true,
      "_timeout": 2000
    }
  ],
  "meta": {
    "mocha": {
      "version": "7.0.1"
    },
    "mochawesome": {
      "options": {
        "quiet": false,
        "reportFilename": "mochawesome",
        "saveHtml": true,
        "saveJson": true,
        "consoleReporter": "spec",
        "useInlineDiffs": false,
        "code": true
      },
      "version": "7.1.3"
    },
    "marge": {
      "options": null,
      "version": "6.2.0"
    }
  }
}