{
  "stats": {
    "suites": 1,
    "tests": 12,
    "passes": 12,
    "pending": 0,
    "failures": 0,
    "start": "2024-02-20T01:32:10.333Z",
    "end": "2024-02-20T01:33:51.200Z",
    "duration": 100867,
    "testsRegistered": 12,
    "passPercent": 100,
    "pendingPercent": 0,
    "other": 0,
    "hasOther": false,
    "skipped": 0,
    "hasSkipped": false
  },
  "results": [
    {
      "uuid": "f93b83ee-6f9e-4250-82c2-7078e0e2dc87",
      "title": "",
      "fullFile": "cypress\\e2e\\examples\\test2-spec.cy.js",
      "file": "cypress\\e2e\\examples\\test2-spec.cy.js",
      "beforeHooks": [],
      "afterHooks": [],
      "tests": [],
      "suites": [
        {
          "uuid": "5dd61efb-fdc4-47d5-bced-2310c45ba0d7",
          "title": "perform web page element tests",
          "fullFile": "",
          "file": "",
          "beforeHooks": [],
          "afterHooks": [],
          "tests": [
            {
              "title": "will verify the URL of the web page is the expected test page",
              "fullTitle": "perform web page element tests will verify the URL of the web page is the expected test page",
              "timedOut": null,
              "duration": 21727,
              "state": "passed",
              "speed": "slow",
              "pass": true,
              "fail": false,
              "pending": false,
              "context": null,
              "code": "cy.visit('https://rahulshettyacademy.com/AutomationPractice/');\ncy.get('#opentab').then(function (el) {\n  var url = el.prop('href');\n  cy.log(url);\n  cy.url().should('include', 'AutomationPractice');\n  // 'rahulshettyacademy.com/AutomationPractice'\n});",
              "err": {},
              "uuid": "2356d08b-78df-4e17-b189-6b96f75b49b5",
              "parentUUID": "5dd61efb-fdc4-47d5-bced-2310c45ba0d7",
              "isHook": false,
              "skipped": false
            },
            {
              "title": "it will test radio buttons",
              "fullTitle": "perform web page element tests it will test radio buttons",
              "timedOut": null,
              "duration": 6098,
              "state": "passed",
              "speed": "medium",
              "pass": true,
              "fail": false,
              "pending": false,
              "context": null,
              "code": "cy.visit('https://rahulshettyacademy.com/AutomationPractice/');\ncy.get('[for=\"radio1\"] > .radioButton').click();\ncy.get('[for=\"radio1\"] > .radioButton').should('be.checked');\n// check radio button2\ncy.get('[for=\"radio2\"] > .radioButton').click();\ncy.get('[for=\"radio2\"] > .radioButton').should('be.checked');\n// check radio button3\ncy.get('[for=\"radio3\"] > .radioButton').click();\ncy.get('[for=\"radio3\"] > .radioButton').should('be.checked');",
              "err": {},
              "uuid": "5a545244-b7e3-4fa7-b148-613410edeed4",
              "parentUUID": "5dd61efb-fdc4-47d5-bced-2310c45ba0d7",
              "isHook": false,
              "skipped": false
            },
            {
              "title": "it will test checkboxes",
              "fullTitle": "perform web page element tests it will test checkboxes",
              "timedOut": null,
              "duration": 4191,
              "state": "passed",
              "speed": "fast",
              "pass": true,
              "fail": false,
              "pending": false,
              "context": null,
              "code": "cy.visit('https://rahulshettyacademy.com/AutomationPractice/');\ncy.get('#checkBoxOption1').check().should('be.checked');\ncy.get('#checkBoxOption2').check().should('be.checked');\ncy.get('#checkBoxOption3').check().should('be.checked');\ncy.get('#checkBoxOption1').uncheck().should('not.be.checked');\ncy.get('#checkBoxOption2').uncheck().should('not.be.checked');\ncy.get('#checkBoxOption3').uncheck().should('not.be.checked');",
              "err": {},
              "uuid": "1c78c252-2de1-4c12-bcf3-12d766fb3244",
              "parentUUID": "5dd61efb-fdc4-47d5-bced-2310c45ba0d7",
              "isHook": false,
              "skipped": false
            },
            {
              "title": "will test autocomplete selection United States from country list",
              "fullTitle": "perform web page element tests will test autocomplete selection United States from country list",
              "timedOut": null,
              "duration": 12411,
              "state": "passed",
              "speed": "slow",
              "pass": true,
              "fail": false,
              "pending": false,
              "context": null,
              "code": "cy.visit('https://rahulshettyacademy.com/AutomationPractice');\ncy.get('#autocomplete').type('United');\ncy.get('.ui-menu-item div').each(function ($el, index, list) {\n  if ($el.text() === \"United States (USA)\") cy.wrap($el).click();\n});\ncy.get('#autocomplete').should('have.value', 'United States (USA)');",
              "err": {},
              "uuid": "562573a0-529e-48c4-90c1-82adf72b4940",
              "parentUUID": "5dd61efb-fdc4-47d5-bced-2310c45ba0d7",
              "isHook": false,
              "skipped": false
            },
            {
              "title": "will test visible/invisible text box and text fill in",
              "fullTitle": "perform web page element tests will test visible/invisible text box and text fill in",
              "timedOut": null,
              "duration": 6732,
              "state": "passed",
              "speed": "medium",
              "pass": true,
              "fail": false,
              "pending": false,
              "context": null,
              "code": "cy.visit('https://rahulshettyacademy.com/AutomationPractice');\ncy.get('#displayed-text').should('be.visible');\ncy.get('#hide-textbox').click();\ncy.get('#displayed-text').should('not.be.visible');\ncy.get('#show-textbox').click();\ncy.get('#displayed-text').should('be.visible');\ncy.get('#displayed-text').type('text string');\ncy.get('#hide-textbox').click();\ncy.get('#displayed-text').should('not.be.visible');\ncy.get('#show-textbox').click();\ncy.get('#displayed-text').should('have.value', 'text string');",
              "err": {},
              "uuid": "efef3282-3996-4f3c-87e4-385fa2cbda7c",
              "parentUUID": "5dd61efb-fdc4-47d5-bced-2310c45ba0d7",
              "isHook": false,
              "skipped": false
            },
            {
              "title": "will test alert boxes with messages from Alert and Confirm buttons",
              "fullTitle": "perform web page element tests will test alert boxes with messages from Alert and Confirm buttons",
              "timedOut": null,
              "duration": 5917,
              "state": "passed",
              "speed": "medium",
              "pass": true,
              "fail": false,
              "pending": false,
              "context": null,
              "code": "cy.visit('https://rahulshettyacademy.com/AutomationPractice');\ncy.get('#alertbtn').click();\n// verify in logs that alert message appears\ncy.on('window:alert', function (str) {\n  expect(str).to.equal('Hello , share this practice page and share your knowledge');\n});\ncy.get('#confirmbtn').click();\n// verify in logs that confirm message appears Are you sure you want to confirm?\ncy.on('window:confirm', function (str) {\n  expect(str).to.equal('Hello , Are you sure you want to confirm?');\n});",
              "err": {},
              "uuid": "f99f14af-ef2b-41b4-a9f4-707cc414a030",
              "parentUUID": "5dd61efb-fdc4-47d5-bced-2310c45ba0d7",
              "isHook": false,
              "skipped": false
            },
            {
              "title": "will test alert boxes with name text and messages from Alert and Confirm buttons",
              "fullTitle": "perform web page element tests will test alert boxes with name text and messages from Alert and Confirm buttons",
              "timedOut": null,
              "duration": 3726,
              "state": "passed",
              "speed": "fast",
              "pass": true,
              "fail": false,
              "pending": false,
              "context": null,
              "code": "cy.visit('https://rahulshettyacademy.com/AutomationPractice');\ncy.get('#name').type('name');\ncy.get('#alertbtn').click();\n// verify in logs that alert message appears\ncy.on('window:alert', function (str) {\n  expect(str).to.equal('Hello name, share this practice page and share your knowledge');\n});\ncy.get('#name').type('name');\ncy.get('#confirmbtn').click();\n// verify in logs that confirm message appears Are you sure you want to confirm?\ncy.on('window:confirm', function (str) {\n  expect(str).to.equal('Hello name, Are you sure you want to confirm?');\n});",
              "err": {},
              "uuid": "f37c4a8c-a738-421f-b2ac-5ca3ff7c4179",
              "parentUUID": "5dd61efb-fdc4-47d5-bced-2310c45ba0d7",
              "isHook": false,
              "skipped": false
            },
            {
              "title": "will test handling child windows",
              "fullTitle": "perform web page element tests will test handling child windows",
              "timedOut": null,
              "duration": 19692,
              "state": "passed",
              "speed": "slow",
              "pass": true,
              "fail": false,
              "pending": false,
              "context": null,
              "code": "cy.visit('https://rahulshettyacademy.com/AutomationPractice');\ncy.get('#opentab').invoke('removeAttr', 'target').click();\ncy.origin(\"https://www.qaclickacademy.com\", function () {\n  cy.get(\"#navbarSupportedContent a[href*='about']\").click();\n  cy.get(\".mt-50 h2\").should('contain', 'QAClick Academy');\n});",
              "err": {},
              "uuid": "9cf868af-8f16-4607-aaeb-600e774cf2ff",
              "parentUUID": "5dd61efb-fdc4-47d5-bced-2310c45ba0d7",
              "isHook": false,
              "skipped": false
            },
            {
              "title": "will iterate through a course table to find course and verify the price in col 3",
              "fullTitle": "perform web page element tests will iterate through a course table to find course and verify the price in col 3",
              "timedOut": null,
              "duration": 6507,
              "state": "passed",
              "speed": "medium",
              "pass": true,
              "fail": false,
              "pending": false,
              "context": null,
              "code": "cy.visit('https://rahulshettyacademy.com/AutomationPractice');\ncy.get('tr td:nth-child(2)').each(function ($el, index, $list) {\n  var text = $el.text();\n  if (text.includes(\"Python\")) {\n    cy.get('tr td:nth-child(2)').eq(index).next().then(function (price) {\n      var priceText = price.text();\n      expect(priceText).to.equal('25');\n    });\n  }\n});",
              "err": {},
              "uuid": "a10e99cf-ace4-415f-902b-49c44d2cd937",
              "parentUUID": "5dd61efb-fdc4-47d5-bced-2310c45ba0d7",
              "isHook": false,
              "skipped": false
            },
            {
              "title": "will test mouse hover events to verify expected behavior-Top",
              "fullTitle": "perform web page element tests will test mouse hover events to verify expected behavior-Top",
              "timedOut": null,
              "duration": 3674,
              "state": "passed",
              "speed": "fast",
              "pass": true,
              "fail": false,
              "pending": false,
              "context": null,
              "code": "cy.visit('https://rahulshettyacademy.com/AutomationPractice');\ncy.get('div.mouse-hover-content').invoke('show');\ncy.contains('Top').click({\n  force: true\n});\ncy.url().should('include', 'top');",
              "err": {},
              "uuid": "ed11f616-0474-48f8-999a-42f33a1ca043",
              "parentUUID": "5dd61efb-fdc4-47d5-bced-2310c45ba0d7",
              "isHook": false,
              "skipped": false
            },
            {
              "title": "will test mouse hover events to verify expected behavior-Reload",
              "fullTitle": "perform web page element tests will test mouse hover events to verify expected behavior-Reload",
              "timedOut": null,
              "duration": 4755,
              "state": "passed",
              "speed": "fast",
              "pass": true,
              "fail": false,
              "pending": false,
              "context": null,
              "code": "cy.visit('https://rahulshettyacademy.com/AutomationPractice');\ncy.get('div.mouse-hover-content').invoke('show');\ncy.contains('Reload').click();\ncy.url().should('include', 'AutomationPractice');",
              "err": {},
              "uuid": "c226decb-6a48-4eac-8811-e79fd191b217",
              "parentUUID": "5dd61efb-fdc4-47d5-bced-2310c45ba0d7",
              "isHook": false,
              "skipped": false
            },
            {
              "title": "will handle testing Frames in this test",
              "fullTitle": "perform web page element tests will handle testing Frames in this test",
              "timedOut": null,
              "duration": 2638,
              "state": "passed",
              "speed": "fast",
              "pass": true,
              "fail": false,
              "pending": false,
              "context": null,
              "code": "cy.visit('https://rahulshettyacademy.com/AutomationPractice');\ncy.frameLoaded('#courses-iframe').as('myframe');\ncy.iframe().find(\"a[href*='mentorship']\").eq(0).click();\ncy.wait(100);\n// cy.iframe().find(\"h1[class*='pricing-title']\").should('have.length', 2)",
              "err": {},
              "uuid": "9710643f-b245-4856-b7e9-e54bb0a3156d",
              "parentUUID": "5dd61efb-fdc4-47d5-bced-2310c45ba0d7",
              "isHook": false,
              "skipped": false
            }
          ],
          "suites": [],
          "passes": [
            "2356d08b-78df-4e17-b189-6b96f75b49b5",
            "5a545244-b7e3-4fa7-b148-613410edeed4",
            "1c78c252-2de1-4c12-bcf3-12d766fb3244",
            "562573a0-529e-48c4-90c1-82adf72b4940",
            "efef3282-3996-4f3c-87e4-385fa2cbda7c",
            "f99f14af-ef2b-41b4-a9f4-707cc414a030",
            "f37c4a8c-a738-421f-b2ac-5ca3ff7c4179",
            "9cf868af-8f16-4607-aaeb-600e774cf2ff",
            "a10e99cf-ace4-415f-902b-49c44d2cd937",
            "ed11f616-0474-48f8-999a-42f33a1ca043",
            "c226decb-6a48-4eac-8811-e79fd191b217",
            "9710643f-b245-4856-b7e9-e54bb0a3156d"
          ],
          "failures": [],
          "pending": [],
          "skipped": [],
          "duration": 98068,
          "root": false,
          "rootEmpty": false,
          "_timeout": 2000
        }
      ],
      "passes": [],
      "failures": [],
      "pending": [],
      "skipped": [],
      "duration": 0,
      "root": true,
      "rootEmpty": true,
      "_timeout": 2000
    }
  ],
  "meta": {
    "mocha": {
      "version": "7.0.1"
    },
    "mochawesome": {
      "options": {
        "quiet": false,
        "reportFilename": "mochawesome",
        "saveHtml": true,
        "saveJson": true,
        "consoleReporter": "spec",
        "useInlineDiffs": false,
        "code": true
      },
      "version": "7.1.3"
    },
    "marge": {
      "options": null,
      "version": "6.2.0"
    }
  }
}